<?xml version="1.0" encoding="UTF-8"?>
<testsuite name="com.softwareag.controlplane.awslambda.util.UtilsTest" tests="2" skipped="0" failures="0" errors="0" timestamp="2024-06-12T11:17:16" hostname="SAG-874PPX3" time="2.264">
  <properties/>
  <testcase name="testGetLastActionSyncTime()" classname="com.softwareag.controlplane.awslambda.util.UtilsTest" time="0.82"/>
  <testcase name="testGetRuntimeTagsFromEnv()" classname="com.softwareag.controlplane.awslambda.util.UtilsTest" time="1.443"/>
  <system-out><![CDATA[]]></system-out>
  <system-err><![CDATA[]]></system-err>
</testsuite>
