<?xml version="1.0" encoding="UTF-8"?>
<testsuite name="com.softwareag.controlplane.agentaws.heartbeat.manager.impl.HeartbeatManagerImplTest" tests="2" skipped="0" failures="0" errors="0" timestamp="2024-06-12T11:17:43" hostname="SAG-874PPX3" time="4.985">
  <properties/>
  <testcase name="getInactiveHeartbeatIfStageIsNotPresent()" classname="com.softwareag.controlplane.agentaws.heartbeat.manager.impl.HeartbeatManagerImplTest" time="4.98"/>
  <testcase name="getActiveHeartbeatIfStageIsPresent()" classname="com.softwareag.controlplane.agentaws.heartbeat.manager.impl.HeartbeatManagerImplTest" time="0.004"/>
  <system-out><![CDATA[]]></system-out>
  <system-err><![CDATA[]]></system-err>
</testsuite>
