<?xml version="1.0" encoding="UTF-8"?>
<testsuite name="com.softwareag.controlplane.agentaws.assets.manager.impl.CloudTrailManagerImplTest" tests="2" skipped="0" failures="0" errors="0" timestamp="2024-06-12T11:17:29" hostname="SAG-874PPX3" time="11.439">
  <properties/>
  <testcase name="testGetOwnerForRestApis()" classname="com.softwareag.controlplane.agentaws.assets.manager.impl.CloudTrailManagerImplTest" time="2.34"/>
  <testcase name="testGetModifiedAPIs()" classname="com.softwareag.controlplane.agentaws.assets.manager.impl.CloudTrailManagerImplTest" time="9.098"/>
  <system-out><![CDATA[]]></system-out>
  <system-err><![CDATA[]]></system-err>
</testsuite>
